<?xml version="1.0" encoding="UTF-8"?>
<!-- Generated by org.testng.reporters.JUnitXMLReporter -->
<testsuite hostname="LAPTOP-9A8FPEPU" ignored="0" name="Command line test" tests="2" failures="2" timestamp="2022-04-03T18:01:24 CAT" time="0.933" errors="0">
  <testcase name="@AfterClass afterTest" time="0.011" classname="Assessment.TestCase1">
    <failure type="java.lang.NullPointerException">
      <![CDATA[java.lang.NullPointerException
at Assessment.TestCase1.afterTest(TestCase1.java:167)
at java.util.ArrayList.forEach(ArrayList.java:1259)
... Removed 34 stack frames]]>
    </failure>
  </testcase> <!-- @AfterClass afterTest -->
  <testcase name="SetUp" time="0.857" classname="Assessment.TestCase1">
    <failure type="java.lang.NullPointerException">
      <![CDATA[java.lang.NullPointerException
at Utilities.WebdriverUtil.<init>(WebdriverUtil.java:32)
at Assessment.TestCase1.SetUp(TestCase1.java:53)
at java.util.ArrayList.forEach(ArrayList.java:1259)
... Removed 36 stack frames]]>
    </failure>
  </testcase> <!-- SetUp -->
  <testcase name="SignUp" time="0.0" classname="Assessment.TestCase1">
    <failure type="java.lang.NullPointerException">
      <![CDATA[java.lang.NullPointerException
at Assessment.TestCase1.SignUp(TestCase1.java:136)
at java.util.ArrayList.forEach(ArrayList.java:1259)
... Removed 36 stack frames]]>
    </failure>
  </testcase> <!-- SignUp -->
</testsuite> <!-- Command line test -->
